<?xml version="1.0" encoding="UTF-8"?>
<!-- Generated by org.testng.reporters.JUnitXMLReporter -->
<testsuite hostname="SahithyaDasari" ignored="0" name="Get Product Price" tests="1" failures="0" timestamp="2023-06-27T08:07:25 IST" time="0.076" errors="0">
  <testcase name="@BeforeMethod setUp" time="0.004" classname="com.crm.qa.base.TestBase">
    <failure type="java.lang.NullPointerException">
      <![CDATA[java.lang.NullPointerException
at com.crm.qa.base.TestBase.setUp(TestBase.java:95)
at java.util.ArrayList.forEach(ArrayList.java:1259)
... Removed 31 stack frames]]>
    </failure>
  </testcase> <!-- @BeforeMethod setUp -->
  <testcase name="@AfterMethod tearDown" time="-1.687833445644E9" classname="com.crm.qa.base.TestBase">
    <skipped/>
  </testcase> <!-- @AfterMethod tearDown -->
  <testcase name="getProductPrice" time="0.0" classname="com.crm.qa.testcases.getProductPriceTest">
    <skipped/>
  </testcase> <!-- getProductPrice -->
</testsuite> <!-- Get Product Price -->
