<?xml version="1.0" encoding="UTF-8"?>
<!-- Generated by org.testng.reporters.JUnitXMLReporter -->
<testsuite hostname="SahithyaDasari" ignored="0" name="Test" tests="1" failures="0" timestamp="2023-06-27T08:01:13 IST" time="5.192" errors="0">
  <testcase name="@BeforeMethod setUp" time="5.101" classname="com.crm.qa.base.TestBase">
    <failure type="java.lang.NullPointerException">
      <![CDATA[java.lang.NullPointerException
at com.aventstack.extentreports.ExtentTest.lambda$assignAuthor$1(ExtentTest.java:1041)
at java.util.Spliterators$ArraySpliterator.forEachRemaining(Spliterators.java:948)
at java.util.stream.ReferencePipeline$Head.forEach(ReferencePipeline.java:580)
at com.aventstack.extentreports.ExtentTest.assignAuthor(ExtentTest.java:1040)
at com.crm.qa.base.TestBase.setUp(TestBase.java:104)
at java.util.ArrayList.forEach(ArrayList.java:1259)
... Removed 31 stack frames]]>
    </failure>
  </testcase> <!-- @BeforeMethod setUp -->
  <testcase name="@AfterMethod tearDown" time="-1.687833073307E9" classname="com.crm.qa.base.TestBase">
    <skipped/>
  </testcase> <!-- @AfterMethod tearDown -->
  <testcase name="getProductPrice" time="0.0" classname="com.crm.qa.testcases.getProductPriceTest">
    <skipped/>
  </testcase> <!-- getProductPrice -->
</testsuite> <!-- Test -->
